1658282754968	geckodriver	INFO	Listening on 127.0.0.1:50542
1658282758021	mozrunner::runner	INFO	Running command: "C:\\Program Files\\Mozilla Firefox\\firefox.exe" "--marionette" "--remote-debugging-port" "50543" "--remote-allow-hosts" "localhost" "-no-remote" "-profile" "C:\\Users\\aayur\\AppData\\Local\\Temp\\rust_mozprofile5t6u4U"
1658282758489	Marionette	INFO	Marionette enabled
WebDriver BiDi listening on ws://localhost:50543
console.warn: SearchSettings: "get: No settings file exists, new profile?" (new NotFoundError("Could not open the file at C:\\Users\\aayur\\AppData\\Local\\Temp\\rust_mozprofile5t6u4U\\search.json.mozlz4", (void 0)))
1658282760784	Marionette	INFO	Listening on port 50578
DevTools listening on ws://localhost:50543/devtools/browser/16320ddf-ec96-4f63-b0eb-f898dbfe20f3
Read port: 50578
1658282760890	RemoteAgent	WARN	TLS certificate errors will be ignored for this session
console.warn: LoginRecipes: "getRecipes: falling back to a synchronous message for:" "https://www.sec.gov"
JavaScript warning: https://aka-cdn.adtechus.com/media/moat/adtechbrands092348fjlsmdhlwsl239fh3df/moatad.js#moatClientLevel1=5113&moatClientLevel2=374058&moatClientLevel3=0&moatClientLevel4=4869464&zMoatMaster=11006769&zMoatFlight=11183168&zMoatBanner=26810898&zURL=https&zMoatPlacementId=4869464&zMoatAdId=11183168&zMoatCreative=0&zMoatBannerID=4&zMoatCustomVisp=0&zMoatCustomVist=0&zMoatIsAdvisGoal=0&zMoatEventUrl=&zMoatSize=12&zMoatSubNetID=1&zMoatisSelected=0&zMoatadServer=gq.us.y.atwola.com&zMoatadVisServer=&zMoatSamplingRate=5&zMoatliveTestCookie=&zMoatRefSeqId=NfBACgwCyDA&zMoatImpRefTs=1658282765&zMoatAlias=y408361&zMoatVert=&zMoatBannerInfo=497095655, line 265: WEBGL_debug_renderer_info is deprecated in Firefox and will be removed. Please use RENDERER.
1658282768774	Marionette	WARN	TimedPromise timed out after 500 ms: stacktrace:
TimedPromise/<@chrome://remote/content/marionette/sync.js:235:19
TimedPromise@chrome://remote/content/marionette/sync.js:220:10
interaction.flushEventLoop@chrome://remote/content/marionette/interaction.js:431:10
webdriverClickElement@chrome://remote/content/marionette/interaction.js:179:31
JavaScript warning: https://secure-ds.serving-sys.com/BurstingCachedScripts//Ad_2_221_3_0/ebHtml5Banner.js, line 140: WEBGL_debug_renderer_info is deprecated in Firefox and will be removed. Please use RENDERER.
JavaScript warning: https://aka-cdn.adtechus.com/media/moat/adtechbrands092348fjlsmdhlwsl239fh3df/moatad.js#moatClientLevel1=5113&moatClientLevel2=374058&moatClientLevel3=0&moatClientLevel4=4869473&zMoatMaster=11160164&zMoatFlight=11184525&zMoatBanner=26839772&zURL=https&zMoatPlacementId=4869473&zMoatAdId=11184525&zMoatCreative=0&zMoatBannerID=1&zMoatCustomVisp=0&zMoatCustomVist=0&zMoatIsAdvisGoal=0&zMoatEventUrl=https://11.at.atwola.com/adcount|2.0|5113.1|4869473|0|12|AdId=11184525;BnId=1;ct=187102374;st=8273;adcid=1;itime=282765043;reqtype=5;guid=a863jehhdeooc&b=3&s=5e;;impref=165828276568269108;imprefseq=68129073385183178;imprefts=1658282765;adclntid=1004;spaceid=95993639;adposition=FB2C;lmsid=;revshare=pt%253Autility%253Bsite%253Afinance%253Bver%253Aydotcom%253Bpct%253Aqsp%253Blu%253A0;pvid=xorYxzk4LjGkGHN0YtdjDABKOTkuMQAAAAALJnbI;sectionid=134942051;kvsecure%2Ddarla=4%2D10%2D1%7Cysd%7C1;kvsecure=true;kvrs=pt:utility:ver:site:lu:pct:ydotcom:finance:0:qsp;kvssp=ssp;kvmn=y408360;kvticker=cemi;kvy%2Dbucket=fd%2Dqsp%2Dseqmsg%2Dstickyfooter%2Cxray%2Dhva%2Dbutton%2Dredesign%2Dctrl%2Cxray%2Dus%2Dnel%2Dctx%2Dbb%2Dctrl%2Cfd%2Da2%2Dupsell%2Cfd%2D3amigos%2Dve;kvpgcolo=gq1;kvadtc%5Fdvmktname=unknown;kvadtc%5Fdvosplt=windows%5F10;kvadtc%5Fdvbrand=mozilla;kvadtc%5Fdvtype=desktop;kvadtc%5Fdvmodel=firefox%5F%2D%5Fwindows;kvrepo%5Fdvosplt=windows%5F10;kvadtc%5Fdvosversion=NT%2010%2E0;kvadtc%5Fcrmcc=UNKNOWN;kvadtc%5Fcrmnc=UNKNOWN;gdpr=0;us_privacy=1YNN;&zMoatSize=12&zMoatSubNetID=1&zMoatisSelected=0&zMoatadServer=gq.us.y.atwola.com&zMoatadVisServer=&zMoatSamplingRate=5&zMoatliveTestCookie=&zMoatRefSeqId=KfBACgwCyDA&zMoatImpRefTs=1658282765&zMoatAlias=y408360&zMoatVert=&zMoatBannerInfo=497136580, line 265: WEBGL_debug_renderer_info is deprecated in Firefox and will be removed. Please use RENDERER.
JavaScript warning: https://pagead2.googlesyndication.com/bg/E2dGzQBU3-hFQzCJ1SK9yR3-Nqj68cGhnayTXqjoLgQ.js line 2 > eval line 3876 > eval line 1 > eval line 1 > eval, line 1: WEBGL_debug_renderer_info is deprecated in Firefox and will be removed. Please use RENDERER.
JavaScript warning: https://pagead2.googlesyndication.com/bg/E2dGzQBU3-hFQzCJ1SK9yR3-Nqj68cGhnayTXqjoLgQ.js line 2 > eval line 6467 > eval line 1 > eval line 1 > eval, line 1: WEBGL_debug_renderer_info is deprecated in Firefox and will be removed. Please use RENDERER.
JavaScript warning: https://pagead2.googlesyndication.com/bg/E2dGzQBU3-hFQzCJ1SK9yR3-Nqj68cGhnayTXqjoLgQ.js line 2 > eval line 4068 > eval line 1 > eval line 1 > eval, line 1: WEBGL_debug_renderer_info is deprecated in Firefox and will be removed. Please use RENDERER.
JavaScript warning: https://pagead2.googlesyndication.com/bg/E2dGzQBU3-hFQzCJ1SK9yR3-Nqj68cGhnayTXqjoLgQ.js line 2 > eval line 2584 > eval line 1 > eval line 1 > eval, line 1: WEBGL_debug_renderer_info is deprecated in Firefox and will be removed. Please use RENDERER.
JavaScript warning: https://pagead2.googlesyndication.com/bg/E2dGzQBU3-hFQzCJ1SK9yR3-Nqj68cGhnayTXqjoLgQ.js line 2 > eval line 575 > eval line 1 > eval line 1 > eval, line 1: WEBGL_debug_renderer_info is deprecated in Firefox and will be removed. Please use RENDERER.
JavaScript warning: https://cdn.js7k.com/ix/talon-1.0.40.js, line 1: WEBGL_debug_renderer_info is deprecated in Firefox and will be removed. Please use RENDERER.
JavaScript error: https://www.sec.gov/edgar/search/#/q=covid&dateRange=custom&startdt=2017-06-26&enddt=2020-05-27 line 309 > injectedScript, line 5: ReferenceError: gtmYTplayers is not defined
JavaScript warning: https://cdn.js7k.com/ix/talon-1.0.40.js, line 1: WEBGL_debug_renderer_info is deprecated in Firefox and will be removed. Please use RENDERER.
JavaScript warning: https://cdn.js7k.com/ix/talon-1.0.40.js, line 1: WEBGL_debug_renderer_info is deprecated in Firefox and will be removed. Please use RENDERER.
1658282774990	Marionette	INFO	Stopped listening on port 50578
JavaScript error: , line 0: TypeError: NetworkError when attempting to fetch resource.
JavaScript error: , line 0: TypeError: NetworkError when attempting to fetch resource.
JavaScript error: , line 0: TypeError: NetworkError when attempting to fetch resource.
